{"/Users/gabrielzarate/workspace/sdks/floodiq-javascript/src/Error/index.js": {"path":"/Users/gabrielzarate/workspace/sdks/floodiq-javascript/src/Error/index.js","statementMap":{"0":{"start":{"line":1,"column":19},"end":{"line":1,"column":164}},"1":{"start":{"line":2,"column":21},"end":{"line":2,"column":69}},"2":{"start":{"line":3,"column":16},"end":{"line":3,"column":73}},"3":{"start":{"line":4,"column":17},"end":{"line":4,"column":41}},"4":{"start":{"line":5,"column":16},"end":{"line":5,"column":49}},"5":{"start":{"line":6,"column":18},"end":{"line":6,"column":60}},"6":{"start":{"line":7,"column":16},"end":{"line":7,"column":60}},"7":{"start":{"line":8,"column":23},"end":{"line":8,"column":63}},"8":{"start":{"line":9,"column":22},"end":{"line":9,"column":55}},"9":{"start":{"line":12,"column":2},"end":{"line":16,"column":4}},"10":{"start":{"line":19,"column":0},"end":{"line":30,"column":2}}},"fnMap":{"0":{"name":"normalizeError","decl":{"start":{"line":11,"column":9},"end":{"line":11,"column":23}},"loc":{"start":{"line":11,"column":77},"end":{"line":17,"column":1}},"line":11}},"branchMap":{"0":{"loc":{"start":{"line":11,"column":24},"end":{"line":11,"column":57}},"type":"default-arg","locations":[{"start":{"line":11,"column":35},"end":{"line":11,"column":57}}],"line":11},"1":{"loc":{"start":{"line":11,"column":59},"end":{"line":11,"column":75}},"type":"default-arg","locations":[{"start":{"line":11,"column":73},"end":{"line":11,"column":75}}],"line":11}},"s":{"0":1,"1":1,"2":1,"3":1,"4":1,"5":1,"6":1,"7":1,"8":1,"9":1,"10":1},"f":{"0":1},"b":{"0":[0],"1":[1]},"_coverageSchema":"43e27e138ebf9cfc5966b082cf9a028302ed4184","hash":"584611022dc66d4c68d56df38d0f9e0410cfc788"}
}
