{"/Users/gabrielzarate/workspace/sdks/floodiq-javascript/src/sum.js": {"path":"/Users/gabrielzarate/workspace/sdks/floodiq-javascript/src/sum.js","statementMap":{"0":{"start":{"line":9,"column":2***REMOVED***,"end":{"line":9,"column":15***REMOVED******REMOVED***,"1":{"start":{"line":12,"column":0***REMOVED***,"end":{"line":12,"column":21***REMOVED******REMOVED******REMOVED***,"fnMap":{"0":{"name":"sum","decl":{"start":{"line":8,"column":9***REMOVED***,"end":{"line":8,"column":12***REMOVED******REMOVED***,"loc":{"start":{"line":8,"column":19***REMOVED***,"end":{"line":10,"column":1***REMOVED******REMOVED***,"line":8***REMOVED******REMOVED***,"branchMap":{***REMOVED***,"s":{"0":1,"1":1***REMOVED***,"f":{"0":1***REMOVED***,"b":{***REMOVED***,"_coverageSchema":"43e27e138ebf9cfc5966b082cf9a028302ed4184","hash":"56c0760b97a15ce128087342726ed6f33f71956b"***REMOVED***
***REMOVED***
